examples/barebonesapp/build/intermediates/manifest_merge_blame_file/debug/manifest-merger-blame-debug-report.txt
1<?xml version="1.0" encoding="utf-8"?>
2<manifest xmlns:android="http://schemas.android.com/apk/res/android"
3    package="me.digi.examples.barebonesapp"
4    android:versionCode="1"
5    android:versionName="1.0" >
6
7    <uses-sdk
8        android:minSdkVersion="21"
8-->src/main/AndroidManifest.xml
9        android:targetSdkVersion="28" />
9-->src/main/AndroidManifest.xml
10
11    <uses-permission android:name="android.permission.INTERNET" />
11-->[:sdk] AndroidManifest.xml:11:5-67
11-->[:sdk] AndroidManifest.xml:11:22-64
12
13    <application
13-->src/main/AndroidManifest.xml:5:5-30:19
14        android:allowBackup="true"
14-->src/main/AndroidManifest.xml:6:13-39
15        android:appComponentFactory="android.support.v4.app.CoreComponentFactory"
15-->[com.android.support:support-compat:28.0.0] AndroidManifest.xml:22:18-91
16        android:debuggable="true"
17        android:icon="@mipmap/ic_launcher"
17-->src/main/AndroidManifest.xml:7:13-47
18        android:label="@string/app_name"
18-->src/main/AndroidManifest.xml:8:13-45
19        android:roundIcon="@mipmap/ic_launcher_round"
19-->src/main/AndroidManifest.xml:9:13-58
20        android:supportsRtl="true"
20-->src/main/AndroidManifest.xml:10:13-39
21        android:theme="@style/AppTheme" >
21-->src/main/AndroidManifest.xml:11:13-44
22        <activity android:name="me.digi.examples.barebonesapp.MainActivity" >
22-->src/main/AndroidManifest.xml:12:9-18:20
22-->src/main/AndroidManifest.xml:12:19-47
23            <intent-filter>
23-->src/main/AndroidManifest.xml:13:13-17:29
24                <action android:name="android.intent.action.MAIN" />
24-->src/main/AndroidManifest.xml:14:17-69
24-->src/main/AndroidManifest.xml:14:25-66
25
26                <category android:name="android.intent.category.LAUNCHER" />
26-->src/main/AndroidManifest.xml:16:17-77
26-->src/main/AndroidManifest.xml:16:27-74
27            </intent-filter>
28        </activity>
29        <activity
29-->src/main/AndroidManifest.xml:20:9-23:20
30            android:name="me.digi.examples.barebonesapp.postbox.PostboxActivity"
30-->src/main/AndroidManifest.xml:21:17-56
31            android:label="Data exporter" >
31-->src/main/AndroidManifest.xml:22:17-46
32        </activity>
33        <activity
33-->src/main/AndroidManifest.xml:25:9-28:20
34            android:name="me.digi.examples.barebonesapp.consentaccess.ConsentAccessActivity"
34-->src/main/AndroidManifest.xml:26:17-68
35            android:label="Shady car insurance" >
35-->src/main/AndroidManifest.xml:27:17-52
36        </activity>
37        <activity
37-->[:sdk] AndroidManifest.xml:14:9-25:20
38            android:name="me.digi.sdk.ui.GuestConsentBrowserActivity"
38-->[:sdk] AndroidManifest.xml:15:13-70
39            android:launchMode="singleTop" >
39-->[:sdk] AndroidManifest.xml:16:13-43
40            <intent-filter>
40-->[:sdk] AndroidManifest.xml:17:13-24:29
41                <action android:name="android.intent.action.VIEW" />
41-->[:sdk] AndroidManifest.xml:18:17-69
41-->[:sdk] AndroidManifest.xml:18:25-66
42
43                <category android:name="android.intent.category.DEFAULT" />
43-->[:sdk] AndroidManifest.xml:20:17-76
43-->[:sdk] AndroidManifest.xml:20:27-73
44                <category android:name="android.intent.category.BROWSABLE" />
44-->[:sdk] AndroidManifest.xml:21:17-78
44-->[:sdk] AndroidManifest.xml:21:27-75
45
46                <data android:scheme="@string/deeplink_guest_consent_callback" />
46-->[:sdk] AndroidManifest.xml:23:17-82
46-->[:sdk] AndroidManifest.xml:23:23-79
47            </intent-filter>
48        </activity>
49    </application>
50
51</manifest>